<?xml version="1.0" encoding="UTF-8"?>
<testng-results skipped="0" failed="0" ignored="0" total="0" passed="0">
  <reporter-output>
  </reporter-output>
  <suite name="Surefire suite" duration-ms="8930" started-at="2019-01-20T13:03:12 GMT" finished-at="2019-01-20T13:03:21 GMT">
    <groups>
    </groups>
    <test name="Surefire test" duration-ms="8930" started-at="2019-01-20T13:03:12 GMT" finished-at="2019-01-20T13:03:21 GMT">
    </test> <!-- Surefire test -->
  </suite> <!-- Surefire suite -->
</testng-results>
